<?xml version="1.0" encoding="UTF-8"?>
<testng-results ignored="0" total="1" passed="1" failed="0" skipped="0">
  <reporter-output>
  </reporter-output>
  <suite started-at="2023-02-09T13:28:36 IST" name="Suite" finished-at="2023-02-09T13:29:02 IST" duration-ms="25812">
    <groups>
    </groups>
    <test started-at="2023-02-09T13:28:36 IST" name="Test" finished-at="2023-02-09T13:29:02 IST" duration-ms="25812">
      <class name="Demo_Jenkins.Jenkin_Icliniq_Login">
        <test-method signature="login()[pri:0, instance:Demo_Jenkins.Jenkin_Icliniq_Login@212b5695]" started-at="2023-02-09T13:28:36 IST" name="login" finished-at="2023-02-09T13:29:02 IST" duration-ms="25759" status="PASS">
          <reporter-output>
          </reporter-output>
        </test-method> <!-- login -->
      </class> <!-- Demo_Jenkins.Jenkin_Icliniq_Login -->
    </test> <!-- Test -->
  </suite> <!-- Suite -->
</testng-results>
